2024-04-02 08:24:10,150 P25448 INFO {
    "batch_norm": "True",
    "batch_size": "4096",
    "data_format": "csv",
    "data_root": "../data/Frappe/",
    "dataset_id": "frappe_x1_04e961e9",
    "debug": "False",
    "embedding_dim": "10",
    "embedding_regularizer": "0.05",
    "epochs": "100",
    "every_x_epochs": "1",
    "feature_cols": "[{'active': True, 'dtype': 'float', 'name': ['user', 'item', 'daytime', 'weekday', 'isweekend', 'homework', 'cost', 'weather', 'country', 'city'], 'type': 'categorical'}]",
    "gpu": "0",
    "hidden_activations": "relu",
    "hidden_units": "[400, 400, 400]",
    "label_col": "{'dtype': 'float', 'name': 'label'}",
    "learning_rate": "0.001",
    "loss": "binary_crossentropy",
    "metrics": "['AUC', 'logloss']",
    "min_categr_count": "1",
    "model": "DeepFM",
    "model_id": "DeepFM_frappe_x1_001_4ae3a56e",
    "model_root": "./Frappe/DeepFM_frappe_x1/",
    "monitor": "AUC",
    "monitor_mode": "max",
    "net_dropout": "0.2",
    "net_regularizer": "0",
    "num_workers": "3",
    "optimizer": "adam",
    "patience": "2",
    "pickle_feature_encoder": "True",
    "save_best_only": "True",
    "seed": "2021",
    "shuffle": "True",
    "task": "binary_classification",
    "test_data": "../data/Frappe/Frappe_x1/test.csv",
    "train_data": "../data/Frappe/Frappe_x1/train.csv",
    "use_hdf5": "True",
    "valid_data": "../data/Frappe/Frappe_x1/valid.csv",
    "verbose": "1",
    "version": "pytorch"
}
2024-04-02 08:24:10,162 P25448 INFO Set up feature encoder...
2024-04-02 08:24:10,162 P25448 INFO Reading file: ../data/Frappe/Frappe_x1/train.csv
